<?xml version="1.0" encoding="UTF-8"?>
<testng-results ignored="0" total="1" passed="1" failed="0" skipped="0">
  <reporter-output>
  </reporter-output>
  <suite started-at="2022-11-12T19:32:20 EST" name="Surefire suite" finished-at="2022-11-12T19:33:02 EST" duration-ms="41261">
    <groups>
      <group name="cucumber">
        <method signature="AbstractTestNGCucumberTests.runScenario(io.cucumber.testng.PickleWrapper, io.cucumber.testng.FeatureWrapper)[pri:0, instance:TestRunner@1445d7f]" name="runScenario" class="io.cucumber.testng.AbstractTestNGCucumberTests"/>
      </group> <!-- cucumber -->
    </groups>
    <test started-at="2022-11-12T19:32:20 EST" name="Surefire test" finished-at="2022-11-12T19:33:02 EST" duration-ms="41261">
      <class name="TestRunner">
        <test-method is-config="true" signature="setUpClass()[pri:0, instance:TestRunner@1445d7f]" started-at="2022-11-12T19:32:20 EST" name="setUpClass" finished-at="2022-11-12T19:32:21 EST" duration-ms="413" status="PASS">
          <reporter-output>
          </reporter-output>
        </test-method> <!-- setUpClass -->
        <test-method signature="runScenario(io.cucumber.testng.PickleWrapper, io.cucumber.testng.FeatureWrapper)[pri:0, instance:TestRunner@1445d7f]" started-at="2022-11-12T19:32:21 EST" name="runScenario" description="Runs Cucumber Scenarios" data-provider="scenarios" finished-at="2022-11-12T19:33:01 EST" duration-ms="40688" status="PASS">
          <params>
            <param index="0">
              <value>
                <![CDATA["verify user can successfully search a product and add the product to shopping cart to purchase the product"]]>
              </value>
            </param>
            <param index="1">
              <value>
                <![CDATA["Optional[Product Search and Purchase]"]]>
              </value>
            </param>
          </params>
          <reporter-output>
          </reporter-output>
        </test-method> <!-- runScenario -->
        <test-method is-config="true" signature="tearDownClass()[pri:0, instance:TestRunner@1445d7f]" started-at="2022-11-12T19:33:01 EST" name="tearDownClass" finished-at="2022-11-12T19:33:02 EST" duration-ms="124" status="PASS">
          <reporter-output>
          </reporter-output>
        </test-method> <!-- tearDownClass -->
      </class> <!-- TestRunner -->
    </test> <!-- Surefire test -->
  </suite> <!-- Surefire suite -->
</testng-results>
